<?xml version="1.0" encoding="UTF-8"?>
<!-- Generated by org.testng.reporters.JUnitReportReporter -->
<testsuite skipped="0" hostname="PC77334" name="statuses.TestAcceptOrder" tests="1" failures="0" timestamp="14 Jun 2019 14:02:37 GMT" time="3.220" errors="0">
  <testcase name="acceptOrder" time="3.220" classname="statuses.TestAcceptOrder"/>
</testsuite> <!-- statuses.TestAcceptOrder -->
