<?xml version="1.0" encoding="UTF-8"?>
<!-- Generated by org.testng.reporters.JUnitReportReporter -->
<testsuite skipped="0" hostname="PC77334" name="statuses.TestCancelOrder" tests="1" failures="0" timestamp="17 Jun 2019 12:07:49 GMT" time="1.832" errors="0">
  <testcase name="cancelOrder" time="1.832" classname="statuses.TestCancelOrder"/>
</testsuite> <!-- statuses.TestCancelOrder -->
