<?xml version="1.0" encoding="UTF-8"?>
<!-- Generated by org.testng.reporters.JUnitReportReporter -->
<testsuite skipped="0" hostname="PC77334" name="statuses.TestSendEndUserForm" tests="1" failures="0" timestamp="17 Jun 2019 12:07:49 GMT" time="1.877" errors="0">
  <testcase name="sendEndUserFormOrder" time="1.877" classname="statuses.TestSendEndUserForm"/>
</testsuite> <!-- statuses.TestSendEndUserForm -->
