<?xml version="1.0" encoding="UTF-8"?>
<!-- Generated by org.testng.reporters.JUnitReportReporter -->
<testsuite skipped="0" hostname="PC77334" name="statuses.TestSendEndUserForm" tests="1" failures="0" timestamp="14 Jun 2019 14:26:22 GMT" time="3.147" errors="0">
  <testcase name="cancelOrder" time="3.147" classname="statuses.TestSendEndUserForm"/>
</testsuite> <!-- statuses.TestSendEndUserForm -->
