<?xml version="1.0" encoding="UTF-8"?>
<!-- Generated by org.testng.reporters.JUnitReportReporter -->
<testsuite skipped="0" hostname="PC77334" name="statuses.TestGetEndUserForm" tests="1" failures="0" timestamp="17 Jun 2019 12:57:18 GMT" time="1.228" errors="0">
  <testcase name="getEndUserForm" time="1.228" classname="statuses.TestGetEndUserForm"/>
</testsuite> <!-- statuses.TestGetEndUserForm -->
