<?xml version="1.0" encoding="UTF-8"?>
<!-- Generated by org.testng.reporters.JUnitReportReporter -->
<testsuite skipped="0" hostname="PC77334" name="statuses.RetrieveOrderDetails" tests="1" failures="0" timestamp="11 Jun 2019 18:21:21 GMT" time="3.576" errors="0">
  <testcase name="getOrderDetails" time="3.576" classname="statuses.RetrieveOrderDetails"/>
</testsuite> <!-- statuses.RetrieveOrderDetails -->
