<?xml version="1.0" encoding="UTF-8"?>
<!-- Generated by org.testng.reporters.JUnitReportReporter -->
<testsuite skipped="0" hostname="PC77334" name="statuses.TestGetEndUserForm" tests="1" failures="0" timestamp="14 Jun 2019 13:36:52 GMT" time="3.825" errors="0">
  <testcase name="getEndUserForm" time="3.825" classname="statuses.TestGetEndUserForm"/>
</testsuite> <!-- statuses.TestGetEndUserForm -->
