<?xml version="1.0" encoding="UTF-8"?>
<!-- Generated by org.testng.reporters.JUnitReportReporter -->
<testsuite skipped="0" hostname="PC77334" name="statuses.TestRetrieveOrderDetails" tests="1" failures="0" timestamp="14 Jun 2019 13:37:28 GMT" time="3.650" errors="0">
  <testcase name="getOrderDetails" time="3.650" classname="statuses.TestRetrieveOrderDetails"/>
</testsuite> <!-- statuses.TestRetrieveOrderDetails -->
