<?xml version="1.0" encoding="UTF-8"?>
<!-- Generated by org.testng.reporters.JUnitReportReporter -->
<testsuite skipped="0" hostname="PC77334" name="statuses.TestRetrieveOrderDetails" tests="1" failures="0" timestamp="17 Jun 2019 13:16:34 GMT" time="3.835" errors="0">
  <testcase name="getOrderDetails" time="3.835" classname="statuses.TestRetrieveOrderDetails"/>
</testsuite> <!-- statuses.TestRetrieveOrderDetails -->
